<?xml version="1.0" encoding="UTF-8"?>
<testng-results skipped="0" failed="0" ignored="0" total="1" passed="1">
  <reporter-output>
  </reporter-output>
  <suite name="Suite" duration-ms="57982" started-at="2019-11-05T07:45:38Z" finished-at="2019-11-05T07:46:36Z">
    <groups>
    </groups>
    <test name="Test" duration-ms="57982" started-at="2019-11-05T07:45:38Z" finished-at="2019-11-05T07:46:36Z">
      <class name="ankita_hrm.FirstMavenScript">
        <test-method status="PASS" signature="setUP()[pri:0, instance:ankita_hrm.FirstMavenScript@4a765]" name="setUP" duration-ms="57904" started-at="2019-11-05T07:45:38Z" finished-at="2019-11-05T07:46:36Z">
          <reporter-output>
          </reporter-output>
        </test-method> <!-- setUP -->
      </class> <!-- ankita_hrm.FirstMavenScript -->
    </test> <!-- Test -->
  </suite> <!-- Suite -->
</testng-results>
